<?xml version="1.0" encoding="UTF-8"?>
<!-- Generated by org.testng.reporters.JUnitReportReporter -->
<testsuite hostname="LAPTOP-J0AMB9S9" failures="0" tests="3" name="com.qa.TestLayer.TestCase" time="17.241" errors="0" timestamp="2022-05-19T12:25:37 IST" skipped="0">
  <testcase classname="com.qa.TestLayer.TestCase" name="verifyBuyingOfNexus6" time="5.680"/>
  <testcase classname="com.qa.TestLayer.TestCase" name="verifyBuyingOfNokiaLumia1520" time="4.626"/>
  <testcase classname="com.qa.TestLayer.TestCase" name="verifyBuyingOfSamsungGalaxyS6" time="6.935"/>
</testsuite> <!-- com.qa.TestLayer.TestCase -->
