<?xml version="1.0" encoding="UTF-8"?>
<!-- Generated by org.testng.reporters.JUnitReportReporter -->
<testsuite hostname="pratghag" failures="0" tests="1" name="com.qa.TestBase.TestBase" time="29.552" errors="0" timestamp="2022-05-18T17:34:59 IST" skipped="0">
  <testcase classname="com.qa.TestBase.TestBase" name="setUp" time="29.552"/>
  <system-out/>
</testsuite> <!-- com.qa.TestBase.TestBase -->
